2023-10-21 15:38:34,099 DEBUG - Starting WinSW in service mode
2023-10-21 15:38:34,717 INFO  - Starting C:\dev\qn\nginx.exe  
2023-10-21 15:38:34,922 INFO  - Started process 8872
2023-10-21 15:38:34,975 DEBUG - Forwarding logs of the process System.Diagnostics.Process (nginx) to WinSW.DefaultLogAppender
2023-10-21 15:44:55,952 DEBUG - Starting WinSW in service mode
2023-10-21 15:44:56,130 INFO  - Starting C:\dev\qn\nginx.exe  
2023-10-21 15:44:56,546 INFO  - Started process 8992
2023-10-21 15:44:56,569 DEBUG - Forwarding logs of the process System.Diagnostics.Process (nginx) to WinSW.DefaultLogAppender
2023-10-22 05:06:00,825 INFO  - Stopping qn
2023-10-22 05:06:00,827 DEBUG - ProcessKill 8992
2023-10-22 05:06:00,836 DEBUG - Stopping process 8992...
2023-10-22 05:06:00,844 DEBUG - Process 8992 terminated.
2023-10-22 05:06:00,872 DEBUG - Found child process 11592.
2023-10-22 05:06:00,876 DEBUG - Stopping process 11592...
2023-10-22 05:06:00,886 DEBUG - Process 11592 canceled with code -1073741510.
2023-10-22 05:06:00,915 INFO  - Finished qn
2023-10-22 05:06:07,533 DEBUG - Starting WinSW in service mode
2023-10-22 05:06:07,703 INFO  - Starting C:\dev\qn\nginx.exe  
2023-10-22 05:06:08,069 INFO  - Started process 15848
2023-10-22 05:06:08,090 DEBUG - Forwarding logs of the process System.Diagnostics.Process (nginx) to WinSW.DefaultLogAppender
2023-10-22 07:09:47,678 DEBUG - Starting WinSW in service mode
2023-10-22 07:09:48,272 INFO  - Starting C:\dev\qn\nginx.exe  
2023-10-22 07:09:48,355 INFO  - Started process 7152
2023-10-22 07:09:48,386 DEBUG - Forwarding logs of the process System.Diagnostics.Process (nginx) to WinSW.DefaultLogAppender
2023-10-22 07:41:45,106 DEBUG - Starting WinSW in service mode
2023-10-22 07:41:45,324 INFO  - Starting C:\dev\qn\nginx.exe  
2023-10-22 07:41:45,802 INFO  - Started process 8660
2023-10-22 07:41:45,824 DEBUG - Forwarding logs of the process System.Diagnostics.Process (nginx) to WinSW.DefaultLogAppender
2023-10-23 18:36:59,016 DEBUG - Starting WinSW in service mode
2023-10-23 18:36:59,633 INFO  - Starting C:\dev\qn\nginx.exe  
2023-10-23 18:36:59,794 INFO  - Started process 8712
2023-10-23 18:36:59,823 DEBUG - Forwarding logs of the process System.Diagnostics.Process (nginx) to WinSW.DefaultLogAppender
2023-10-24 13:26:35,972 DEBUG - Starting WinSW in service mode
2023-10-24 13:26:36,183 INFO  - Starting C:\dev\qn\nginx.exe  
2023-10-24 13:26:36,795 INFO  - Started process 14828
2023-10-24 13:26:36,820 DEBUG - Forwarding logs of the process System.Diagnostics.Process (nginx) to WinSW.DefaultLogAppender
2023-10-24 13:39:55,015 INFO  - Stopping qn
2023-10-24 13:39:55,016 DEBUG - ProcessKill 14828
2023-10-24 13:39:55,024 DEBUG - Stopping process 14828...
2023-10-24 13:39:55,028 DEBUG - Process 14828 terminated.
2023-10-24 13:39:55,065 DEBUG - Found child process 18796.
2023-10-24 13:39:55,066 DEBUG - Stopping process 18796...
2023-10-24 13:39:55,080 DEBUG - Process 18796 canceled with code -1073741510.
2023-10-24 13:39:55,090 INFO  - Finished qn
2023-10-24 13:40:04,511 DEBUG - Starting WinSW in service mode
2023-10-24 13:40:04,733 INFO  - Starting C:\dev\qn\nginx.exe  
2023-10-24 13:40:04,782 INFO  - Started process 18780
2023-10-24 13:40:04,803 DEBUG - Forwarding logs of the process System.Diagnostics.Process (nginx) to WinSW.DefaultLogAppender
2023-10-24 13:41:47,449 INFO  - Stopping qn
2023-10-24 13:41:47,450 DEBUG - ProcessKill 18780
2023-10-24 13:41:47,454 DEBUG - Stopping process 18780...
2023-10-24 13:41:47,457 DEBUG - Process 18780 terminated.
2023-10-24 13:41:47,466 ERROR - Failed to stop service.
System.ComponentModel.Win32Exception (6): 句柄无效。
   at System.Diagnostics.Process.GetProcessTimes()
   at System.Diagnostics.Process.get_StartTimeCore()
   at System.Diagnostics.Process.get_StartTime()
   at WinSW.Util.ProcessHelper.GetChildren(Process process)
   at WinSW.Util.ProcessHelper.StopProcessTree(Process process, TimeSpan stopTimeout, Boolean stopParentProcessFirst)
   at WinSW.WrapperService.DoStop()
   at WinSW.WrapperService.OnStop()
2023-10-24 13:42:24,170 DEBUG - Starting WinSW in service mode
2023-10-24 13:42:24,397 INFO  - Starting C:\dev\qn\nginx.exe  
2023-10-24 13:42:24,437 INFO  - Started process 18832
2023-10-24 13:42:24,465 DEBUG - Forwarding logs of the process System.Diagnostics.Process (nginx) to WinSW.DefaultLogAppender
2023-10-24 13:49:29,852 INFO  - Stopping qn
2023-10-24 13:49:29,852 DEBUG - ProcessKill 18832
2023-10-24 13:49:29,860 DEBUG - Stopping process 18832...
2023-10-24 13:49:29,865 DEBUG - Process 18832 terminated.
2023-10-24 13:49:29,886 DEBUG - Found child process 22220.
2023-10-24 13:49:29,887 DEBUG - Stopping process 22220...
2023-10-24 13:49:29,895 DEBUG - Process 22220 canceled with code -1073741510.
2023-10-24 13:49:29,908 INFO  - Finished qn
2023-10-24 13:59:17,792 DEBUG - Starting WinSW in service mode
2023-10-24 13:59:18,040 INFO  - Starting C:\dev\qn\nginx.exe  
2023-10-24 13:59:18,091 INFO  - Started process 18296
2023-10-24 13:59:18,116 DEBUG - Forwarding logs of the process System.Diagnostics.Process (nginx) to WinSW.DefaultLogAppender
2023-10-24 16:27:19,710 INFO  - Stopping qn
2023-10-24 16:27:19,713 DEBUG - ProcessKill 18296
2023-10-24 16:27:19,720 DEBUG - Stopping process 18296...
2023-10-24 16:27:19,726 DEBUG - Process 18296 terminated.
2023-10-24 16:27:19,735 INFO  - Finished qn
2023-10-24 16:27:28,307 DEBUG - Starting WinSW in service mode
2023-10-24 16:27:28,528 INFO  - Starting C:\dev\qn\nginx.exe  
2023-10-24 16:27:28,571 INFO  - Started process 5860
2023-10-24 16:27:28,594 DEBUG - Forwarding logs of the process System.Diagnostics.Process (nginx) to WinSW.DefaultLogAppender
2023-10-24 16:28:00,175 INFO  - Stopping qn
2023-10-24 16:28:00,176 DEBUG - ProcessKill 5860
2023-10-24 16:28:00,181 DEBUG - Stopping process 5860...
2023-10-24 16:28:00,186 DEBUG - Process 5860 terminated.
2023-10-24 16:28:00,194 INFO  - Finished qn
2023-10-24 16:34:58,239 DEBUG - Starting WinSW in service mode
2023-10-24 16:34:58,441 INFO  - Starting C:\dev\qn\nginx.exe  
2023-10-24 16:34:58,475 INFO  - Started process 23540
2023-10-24 16:34:58,495 DEBUG - Forwarding logs of the process System.Diagnostics.Process (nginx) to WinSW.DefaultLogAppender
2023-10-24 16:54:10,596 DEBUG - Starting WinSW in service mode
2023-10-24 16:54:11,732 INFO  - Starting C:\dev\qn\nginx.exe  
2023-10-24 16:54:11,882 INFO  - Started process 8984
2023-10-24 16:54:11,919 DEBUG - Forwarding logs of the process System.Diagnostics.Process (nginx) to WinSW.DefaultLogAppender
2023-10-24 17:11:31,750 DEBUG - Starting WinSW in service mode
2023-10-24 17:11:31,952 INFO  - Starting C:\dev\qn\nginx.exe  
2023-10-24 17:11:32,379 INFO  - Started process 10548
2023-10-24 17:11:32,401 DEBUG - Forwarding logs of the process System.Diagnostics.Process (nginx) to WinSW.DefaultLogAppender
